[23-Feb-2019 20:32:56 UTC] mail() on [/var/www/u0659884/data/www/wp-includes/class-phpmailer.php:698]: To: apelsin2006@mail.ru -- Headers: Date: Sat, 23 Feb 2019 20:32:56 +0000 From: WordPress <wordpress@atelieprofi.ru> Message-ID: <61c09d12257618c4e7105e167c0d7d87@atelieprofi.ru> X-Mailer: PHPMailer 5.2.22 (https://github.com/PHPMailer/PHPMailer) MIME-Version: 1.0 Content-Type: text/plain; charset=UTF-8 Content-Transfer-Encoding: 8bit
[25-Feb-2019 19:04:26 Europe/Moscow] mail() on [/var/www/u0659884/data/www/mail.php:14]: To: jenyanejvert2018@gmail.com -- Headers: MIME-Version: 1.0  Content-type: text/html; charset=utf-8
[25-Feb-2019 19:08:05 Europe/Moscow] mail() on [/var/www/u0659884/data/www/mail.php:15]: To: jenyanejvert2018@gmail.com -- Headers: 
[25-Feb-2019 19:23:52 Europe/Moscow] mail() on [/var/www/u0659884/data/www/mail.php:15]: To: jenyanejvert2018@gmail.com -- Headers: 
[25-Feb-2019 19:34:12 Europe/Moscow] mail() on [/var/www/u0659884/data/www/mail.php:15]: To: jenyanejvert2018@gmail.com -- Headers: 
[25-Feb-2019 19:35:15 Europe/Moscow] mail() on [/var/www/u0659884/data/www/mail.php:15]: To: jenyanejvert2018@gmail.com -- Headers: 
[25-Feb-2019 19:40:25 Europe/Moscow] mail() on [/var/www/u0659884/data/www/mail.php:16]: To: jenyanejvert2018@gmail.com -- Headers: 
[25-Feb-2019 19:41:41 Europe/Moscow] mail() on [/var/www/u0659884/data/www/mail.php:16]: To: jenyanejvert2018@gmail.com -- Headers: 
[25-Feb-2019 19:58:47 Europe/Moscow] mail() on [/var/www/u0659884/data/www/mail.php:39]: To: jenyanejvert2018@gmail.com -- Headers: MIME-Version: 1.0  From:   Reply-To:   Content-Type: multipart/mixed; boundary="35754f204b9a7c65715722aef6d151fa"
[25-Feb-2019 19:58:47 Europe/Moscow] mail() on [/var/www/u0659884/data/www/mail.php:39]: To: jenyanejvert2018@gmail.com -- Headers: MIME-Version: 1.0  From:   Reply-To:   Content-Type: multipart/mixed; boundary="35754f204b9a7c65715722aef6d151fa"
[25-Feb-2019 19:58:58 Europe/Moscow] mail() on [/var/www/u0659884/data/www/mail.php:39]: To: jenyanejvert2018@gmail.com -- Headers: MIME-Version: 1.0  From:   Reply-To:   Content-Type: multipart/mixed; boundary="c8272335e9ddb47d69c098fd6b587ceb"
[25-Feb-2019 19:59:09 Europe/Moscow] mail() on [/var/www/u0659884/data/www/mail.php:39]: To: jenyanejvert2018@gmail.com -- Headers: MIME-Version: 1.0  From:   Reply-To:   Content-Type: multipart/mixed; boundary="e2d2a6b07fc22cb03550323731503dde"
[25-Feb-2019 20:00:59 Europe/Moscow] mail() on [/var/www/u0659884/data/www/mail.php:39]: To: jenyanejvert2018@gmail.com -- Headers: MIME-Version: 1.0  From:   Reply-To:   Content-Type: multipart/mixed; boundary="4ea18d0e8d8e2370586fee59f9616f80"
[25-Feb-2019 20:07:32 Europe/Moscow] mail() on [/var/www/u0659884/data/www/contact.php:40]: To: jenyanejvert2012@gmail.com -- Headers: MIME-Version: 1.0  From: support@tpverstak.ru  Reply-To: support@tpverstak.ru  Content-Type: multipart/mixed; boundary="1773eba2ef8b8c8038c41c81d127aa29"
[25-Feb-2019 20:12:06 Europe/Moscow] mail() on [/var/www/u0659884/data/www/contact.php:39]: To: jenyanejvert2018@gmail.com -- Headers: MIME-Version: 1.0  From:   Reply-To:   Content-Type: multipart/mixed; boundary="254b15636f7650ebcb769169e79e5fb4"
[25-Feb-2019 20:14:07 Europe/Moscow] mail() on [/var/www/u0659884/data/www/contact.php:39]: To: jenyanejvert2018@gmail.com -- Headers: MIME-Version: 1.0  From:   Reply-To:   Content-Type: multipart/mixed; boundary="2ef56f717560267804a7349c7bf9e48e"
[25-Feb-2019 20:19:36 Europe/Moscow] mail() on [/var/www/u0659884/data/www/contact.php:39]: To: jenyanejvert2018@gmail.com -- Headers: MIME-Version: 1.0  From:   Reply-To:   Content-Type: multipart/mixed; boundary="aa112c963d8cb434d364ef25a2fa4371"
[25-Feb-2019 20:28:26 Europe/Moscow] mail() on [/var/www/u0659884/data/www/contact.php:39]: To: jenyanejvert2018@gmail.com -- Headers: MIME-Version: 1.0  From:   Reply-To:   Content-Type: multipart/mixed; boundary="7850a47af92019e1594dd20a58c034ea"
[25-Feb-2019 20:28:27 Europe/Moscow] mail() on [/var/www/u0659884/data/www/contact.php:39]: To: jenyanejvert2018@gmail.com -- Headers: MIME-Version: 1.0  From:   Reply-To:   Content-Type: multipart/mixed; boundary="93ab863ac2984eeed1305e8e55abc9d0"
[25-Feb-2019 20:32:38 Europe/Moscow] mail() on [/var/www/u0659884/data/www/contact.php:14]: To: jenyanejvert2018@gmail.com -- Headers: MIME-Version: 1.0  Content-type: text/html; charset=utf-8
[25-Feb-2019 20:35:22 Europe/Moscow] mail() on [/var/www/u0659884/data/www/contact.php:14]: To: jenyanejvert2018@gmail.com -- Headers: MIME-Version: 1.0  Content-type: text/html; charset=utf-8
[25-Feb-2019 20:36:24 Europe/Moscow] mail() on [/var/www/u0659884/data/www/contact.php:15]: To: jenyanejvert2018@gmail.com -- Headers: MIME-Version: 1.0  Content-type: text/html; charset=utf-8
[25-Feb-2019 20:50:35 Europe/Moscow] mail() on [/var/www/u0659884/data/www/contact.php:39]: To: jenyanejvert2018@gmail.com -- Headers: MIME-Version: 1.0  From:   Reply-To:   Content-Type: multipart/mixed; boundary="eb4af18c2f52afe500ffb1186a1adb61"
[25-Feb-2019 20:50:35 Europe/Moscow] mail() on [/var/www/u0659884/data/www/contact.php:39]: To: jenyanejvert2018@gmail.com -- Headers: MIME-Version: 1.0  From:   Reply-To:   Content-Type: multipart/mixed; boundary="eb4af18c2f52afe500ffb1186a1adb61"
[25-Feb-2019 20:50:37 Europe/Moscow] mail() on [/var/www/u0659884/data/www/contact.php:39]: To: jenyanejvert2018@gmail.com -- Headers: MIME-Version: 1.0  From:   Reply-To:   Content-Type: multipart/mixed; boundary="01589c81171f4da8d92d5695a13bd309"
[25-Feb-2019 20:50:46 Europe/Moscow] mail() on [/var/www/u0659884/data/www/contact.php:39]: To: jenyanejvert2018@gmail.com -- Headers: MIME-Version: 1.0  From:   Reply-To:   Content-Type: multipart/mixed; boundary="349b281550e3d3708a0188deaf404af6"
[25-Feb-2019 20:53:10 Europe/Moscow] mail() on [/var/www/u0659884/data/www/contact.php:39]: To: jenyanejvert2018@gmail.com -- Headers: MIME-Version: 1.0  From:   Reply-To:   Content-Type: multipart/mixed; boundary="e30d440fd6a308b199e1e79438f4a6f4"
[25-Feb-2019 21:16:05 Europe/Moscow] mail() on [/var/www/u0659884/data/www/contact.php:40]: To: jenyanejvert2018@gmail.com -- Headers: MIME-Version: 1.0  From: support@tpverstak.ru  Reply-To: support@tpverstak.ru  Content-Type: multipart/mixed; boundary="df913efe3091d740cfb249165eb0174d"
[25-Feb-2019 21:17:59 Europe/Moscow] mail() on [/var/www/u0659884/data/www/contact.php:40]: To: jenyanejvert2018@gmail.com -- Headers: MIME-Version: 1.0  From: support@tpverstak.ru  Reply-To: support@tpverstak.ru  Content-Type: multipart/mixed; boundary="bf853efca0beb4836c93c9d8515a2280"
[25-Feb-2019 21:18:52 Europe/Moscow] mail() on [/var/www/u0659884/data/www/contact.php:40]: To: jenyanejvert2018@gmail.com -- Headers: MIME-Version: 1.0  From: support@tpverstak.ru  Reply-To: support@tpverstak.ru  Content-Type: multipart/mixed; boundary="f7122da8783f2ca6f6d83c09e25d3c11"
[25-Feb-2019 21:22:08 Europe/Moscow] mail() on [/var/www/u0659884/data/www/contact.php:45]: To: jenyanejvert2018@gmail.com -- Headers: MIME-Version: 1.0  From:   Reply-To:   Content-Type: multipart/mixed; boundary="860e0c63e53eb31a7a51ac9d8cb5772f"
[25-Feb-2019 21:24:01 Europe/Moscow] mail() on [/var/www/u0659884/data/www/contact.php:45]: To: jenyanejvert2018@gmail.com -- Headers: MIME-Version: 1.0  From:   Reply-To:   Content-Type: multipart/mixed; boundary="c5c7b1553227941b9a603d5b20739940"
[25-Feb-2019 21:25:39 Europe/Moscow] mail() on [/var/www/u0659884/data/www/contact.php:46]: To: jenyanejvert2018@gmail.com -- Headers: MIME-Version: 1.0  From: support@atelieprofi.ru  Reply-To: support@atelieprofi.ru  Content-Type: multipart/mixed; boundary="0d8f663a59c90b6fe9659cc04040268b"
[25-Feb-2019 21:26:49 Europe/Moscow] mail() on [/var/www/u0659884/data/www/contact.php:46]: To: jenyanejvert2018@gmail.com -- Headers: MIME-Version: 1.0  From: support@atelieprofi.ru  Reply-To: support@atelieprofi.ru  Content-Type: multipart/mixed; boundary="4ed974d6aabfc6eac5ae519715337ec4"
[25-Feb-2019 21:28:47 Europe/Moscow] mail() on [/var/www/u0659884/data/www/contact.php:46]: To: jenyanejvert2018@gmail.com -- Headers: MIME-Version: 1.0  From: support@atelieprofi.ru  Reply-To: support@atelieprofi.ru  Content-Type: multipart/mixed; boundary="4328fcdb4ecc2955bcd7595e5f40a43f"
[25-Feb-2019 21:30:34 Europe/Moscow] mail() on [/var/www/u0659884/data/www/contact.php:46]: To: jenyanejvert2018@gmail.com -- Headers: MIME-Version: 1.0  From: support@atelieprofi.ru  Reply-To: support@atelieprofi.ru  Content-Type: multipart/mixed; boundary="d266639c1a2d7817605ef72117dcb4fa"
[25-Feb-2019 21:32:24 Europe/Moscow] mail() on [/var/www/u0659884/data/www/contact.php:40]: To: jenyanejvert2018@gmail.com -- Headers: MIME-Version: 1.0  From: support@atelieprofi.ru  Reply-To: support@atelieprofi.ru  Content-Type: multipart/mixed; boundary="d1a4026cadbd0d1854614618c88742ad"
[25-Feb-2019 21:37:59 Europe/Moscow] mail() on [/var/www/u0659884/data/www/contact.php:40]: To: jenyanejvert2018@gmail.com -- Headers: MIME-Version: 1.0  From: support@atelieprofi.ru  Reply-To: support@atelieprofi.ru  Content-Type: multipart/mixed; boundary="1a3540db9d400c234394bb64258fff40"
[25-Feb-2019 21:48:38 Europe/Moscow] mail() on [/var/www/u0659884/data/www/contact.php:40]: To: jenyanejvert2018@gmail.com -- Headers: MIME-Version: 1.0  From: support@atelieprofi.ru  Reply-To: support@atelieprofi.ru  Content-Type: multipart/mixed; boundary="1429e75c519d857e31d2f36fd3ca7566"
[25-Feb-2019 21:50:10 Europe/Moscow] mail() on [/var/www/u0659884/data/www/contact.php:40]: To: jenyanejvert2018@gmail.com -- Headers: MIME-Version: 1.0  From: support@atelieprofi.ru  Reply-To: support@atelieprofi.ru  Content-Type: multipart/mixed; boundary="07fd07040baefe853b5ea527523ed84f"
[25-Feb-2019 21:50:23 Europe/Moscow] mail() on [/var/www/u0659884/data/www/contact.php:40]: To: jenyanejvert2018@gmail.com -- Headers: MIME-Version: 1.0  From: support@atelieprofi.ru  Reply-To: support@atelieprofi.ru  Content-Type: multipart/mixed; boundary="422100d1e6c1d0540fc4ac58ff7d1af0"
[25-Feb-2019 21:52:44 Europe/Moscow] mail() on [/var/www/u0659884/data/www/contact.php:40]: To: jenyanejvert2018@gmail.com -- Headers: MIME-Version: 1.0  From: support@atelieprofi.ru  Reply-To: support@atelieprofi.ru  Content-Type: multipart/mixed; boundary="5e0f9778f23a51c758facb2eab691c0d"
[25-Feb-2019 21:54:49 Europe/Moscow] mail() on [/var/www/u0659884/data/www/contact.php:40]: To: jenyanejvert2018@gmail.com -- Headers: MIME-Version: 1.0  From: support@atelieprofi.ru  Reply-To: support@atelieprofi.ru  Content-Type: multipart/mixed; boundary="9455281d00f89aeeddc3653f51ec76ad"
[25-Feb-2019 21:55:36 Europe/Moscow] mail() on [/var/www/u0659884/data/www/contact.php:40]: To: jenyanejvert2018@gmail.com -- Headers: MIME-Version: 1.0  From: support@atelieprofi.ru  Reply-To: support@atelieprofi.ru  Content-Type: multipart/mixed; boundary="619604c17a01be861083bf79e70b43f1"
[25-Feb-2019 21:57:09 Europe/Moscow] mail() on [/var/www/u0659884/data/www/contact.php:40]: To: jenyanejvert2018@gmail.com -- Headers: MIME-Version: 1.0  From: support@atelieprofi.ru  Reply-To: support@atelieprofi.ru  Content-Type: multipart/mixed; boundary="ad304fb67bdd8a3a7cee55a283bd88a2"
[25-Feb-2019 21:59:17 Europe/Moscow] mail() on [/var/www/u0659884/data/www/contact.php:40]: To: jenyanejvert2018@gmail.com -- Headers: MIME-Version: 1.0  From: support@atelieprofi.ru  Reply-To: support@atelieprofi.ru  Content-Type: multipart/mixed; boundary="861ce3704428c6d35490205262e46482"
[25-Feb-2019 22:00:02 Europe/Moscow] mail() on [/var/www/u0659884/data/www/contact.php:40]: To: jenyanejvert2018@gmail.com -- Headers: MIME-Version: 1.0  From: support@atelieprofi.ru  Reply-To: support@atelieprofi.ru  Content-Type: multipart/mixed; boundary="f324bc0d5922ab546e8be50fcf4b3629"
[25-Feb-2019 22:09:37 Europe/Moscow] mail() on [/var/www/u0659884/data/www/contact.php:40]: To: jenyanejvert2018@gmail.com -- Headers: MIME-Version: 1.0  From: support@atelieprofi.ru  Reply-To: support@atelieprofi.ru  Content-Type: multipart/mixed; boundary="74c705ee9604612b5caef087365dff35"
[25-Feb-2019 22:16:15 Europe/Moscow] mail() on [/var/www/u0659884/data/www/contact.php:40]: To: jenyanejvert2018@gmail.com -- Headers: MIME-Version: 1.0  From: support@atelieprofi.ru  Reply-To: support@atelieprofi.ru  Content-Type: multipart/mixed; boundary="87364884dbd7f8e5d84609d69c438b68"
[25-Feb-2019 22:37:17 Europe/Moscow] mail() on [/var/www/u0659884/data/www/contact.php:40]: To: jenyanejvert2018@gmail.com -- Headers: MIME-Version: 1.0  From: support@atelieprofi.ru  Reply-To: support@atelieprofi.ru  Content-Type: multipart/mixed; boundary="66dac6bc8b005b0cbd62d637757dbf30"
[25-Feb-2019 22:39:56 Europe/Moscow] mail() on [/var/www/u0659884/data/www/contact.php:40]: To: jenyanejvert2018@gmail.com -- Headers: MIME-Version: 1.0  From: support@atelieprofi.ru  Reply-To: support@atelieprofi.ru  Content-Type: multipart/mixed; boundary="100723a887af3904f43cff52fa00f8f6"
[25-Feb-2019 22:40:16 Europe/Moscow] mail() on [/var/www/u0659884/data/www/contact.php:40]: To: jenyanejvert2018@gmail.com -- Headers: MIME-Version: 1.0  From: support@atelieprofi.ru  Reply-To: support@atelieprofi.ru  Content-Type: multipart/mixed; boundary="e9b20e561aa3ee39a73d0e7d469b9e63"
[25-Feb-2019 22:40:53 Europe/Moscow] mail() on [/var/www/u0659884/data/www/contact.php:40]: To: jenyanejvert2018@gmail.com -- Headers: MIME-Version: 1.0  From: support@atelieprofi.ru  Reply-To: support@atelieprofi.ru  Content-Type: multipart/mixed; boundary="ed70f92d6be278dbd770d23c10a1893b"
[25-Feb-2019 22:42:32 Europe/Moscow] mail() on [/var/www/u0659884/data/www/contact.php:40]: To: jenyanejvert2018@gmail.com -- Headers: MIME-Version: 1.0  From: support@atelieprofi.ru  Reply-To: support@atelieprofi.ru  Content-Type: multipart/mixed; boundary="87d569ece85bc957e695b6de481fab05"
[25-Feb-2019 23:06:48 Europe/Moscow] mail() on [/var/www/u0659884/data/www/contact.php:40]: To: atelieprofi@mail.ru -- Headers: MIME-Version: 1.0  From: support@atelieprofi.ru  Reply-To: support@atelieprofi.ru  Content-Type: multipart/mixed; boundary="c539dec2198c635d6d0f0982baa966e2"
[25-Feb-2019 23:26:42 Europe/Moscow] mail() on [/var/www/u0659884/data/www/contact.php:40]: To: atelieprofi@mail.ru -- Headers: MIME-Version: 1.0  From: support@atelieprofi.ru  Reply-To: support@atelieprofi.ru  Content-Type: multipart/mixed; boundary="f89db7bd425efab50f878f2037e33df2"
[25-Feb-2019 23:26:43 Europe/Moscow] mail() on [/var/www/u0659884/data/www/contact.php:40]: To: atelieprofi@mail.ru -- Headers: MIME-Version: 1.0  From: support@atelieprofi.ru  Reply-To: support@atelieprofi.ru  Content-Type: multipart/mixed; boundary="4800dc1ab023cad35074fd4de0b2e597"
[25-Feb-2019 23:26:44 Europe/Moscow] mail() on [/var/www/u0659884/data/www/contact.php:40]: To: atelieprofi@mail.ru -- Headers: MIME-Version: 1.0  From: support@atelieprofi.ru  Reply-To: support@atelieprofi.ru  Content-Type: multipart/mixed; boundary="9c9a60bd3edb08716ddc11d452bc8f87"
[25-Feb-2019 23:26:48 Europe/Moscow] mail() on [/var/www/u0659884/data/www/contact.php:40]: To: atelieprofi@mail.ru -- Headers: MIME-Version: 1.0  From: support@atelieprofi.ru  Reply-To: support@atelieprofi.ru  Content-Type: multipart/mixed; boundary="e8da27f411167d86375c988cdad80fb2"
[25-Feb-2019 23:28:45 Europe/Moscow] mail() on [/var/www/u0659884/data/www/contact.php:40]: To: atelieprofi@mail.ru -- Headers: MIME-Version: 1.0  From: support@atelieprofi.ru  Reply-To: support@atelieprofi.ru  Content-Type: multipart/mixed; boundary="7137af93c03e8159a9297eb5ecf8cff5"
[25-Feb-2019 23:29:00 Europe/Moscow] mail() on [/var/www/u0659884/data/www/contact.php:40]: To: atelieprofi@mail.ru -- Headers: MIME-Version: 1.0  From: support@atelieprofi.ru  Reply-To: support@atelieprofi.ru  Content-Type: multipart/mixed; boundary="87062ece32f91ee8316fb53d618e167c"
[25-Feb-2019 23:29:48 Europe/Moscow] mail() on [/var/www/u0659884/data/www/contact.php:40]: To: atelieprofi@mail.ru -- Headers: MIME-Version: 1.0  From: support@atelieprofi.ru  Reply-To: support@atelieprofi.ru  Content-Type: multipart/mixed; boundary="cd56da96610ff31cd885e362ddb9633f"
[25-Feb-2019 23:29:55 Europe/Moscow] mail() on [/var/www/u0659884/data/www/contact.php:40]: To: atelieprofi@mail.ru -- Headers: MIME-Version: 1.0  From: support@atelieprofi.ru  Reply-To: support@atelieprofi.ru  Content-Type: multipart/mixed; boundary="a360bcabb3042a3090c2d8922dd8c7f0"
